Sat Oct 06 13:50:37 NZDT 2018 : Apache Derby Network Server - 10.11.1.2 - (1629631) started and ready to accept connections on port 1527
----------------------------------------------------------------
Sat Oct 06 13:51:01 NZDT 2018:
Booting Derby version The Apache Software Foundation - Apache Derby - 10.11.1.2 - (1629631): instance a816c00e-0166-46da-d2a6-000058f660cf 
on database directory C:\Users\Chadly\Desktop\Uni\DebateMates 2\Server App\DB\Players with class loader sun.misc.Launcher$AppClassLoader@1d44bcfa 
Loaded from file:/C:/Program%20Files/Java/jdk1.8.0_171/db/lib/derby.jar
java.vendor=Oracle Corporation
java.runtime.version=1.8.0_171-b11
user.dir=C:\Program Files\Java\jdk1.8.0_171\db
os.name=Windows 10
os.arch=amd64
os.version=10.0
derby.system.home=C:\Users\Chadly\Desktop\Uni\DebateMates 2\Server App\DB
Database Class Loader started - derby.database.classpath=''
----------------------------------------------------------------
Sat Oct 06 13:51:02 NZDT 2018:
Shutting down instance a816c00e-0166-46da-d2a6-000058f660cf on database directory C:\Users\Chadly\Desktop\Uni\DebateMates 2\Server App\DB\Players with class loader sun.misc.Launcher$AppClassLoader@1d44bcfa 
Sat Oct 06 13:51:02 NZDT 2018 Thread[DRDAConnThread_3,5,main] (DATABASE = Players), (DRDAID = {2}), Database 'Players' shutdown.
----------------------------------------------------------------
Sat Oct 06 13:51:36 NZDT 2018:
Booting Derby version The Apache Software Foundation - Apache Derby - 10.11.1.2 - (1629631): instance a65c80ac-0166-46da-d2a6-000058f660cf 
on database directory C:\Users\Chadly\Desktop\Uni\DebateMates 2\Server App\DB\Players with class loader sun.misc.Launcher$AppClassLoader@1d44bcfa 
Loaded from file:/C:/Program%20Files/Java/jdk1.8.0_171/db/lib/derby.jar
java.vendor=Oracle Corporation
java.runtime.version=1.8.0_171-b11
user.dir=C:\Program Files\Java\jdk1.8.0_171\db
os.name=Windows 10
os.arch=amd64
os.version=10.0
derby.system.home=C:\Users\Chadly\Desktop\Uni\DebateMates 2\Server App\DB
Database Class Loader started - derby.database.classpath=''
----------------------------------------------------------------
Sat Oct 06 13:54:33 NZDT 2018:
Shutting down instance a65c80ac-0166-46da-d2a6-000058f660cf on database directory C:\Users\Chadly\Desktop\Uni\DebateMates 2\Server App\DB\Players with class loader sun.misc.Launcher$AppClassLoader@1d44bcfa 
Sat Oct 06 13:54:33 NZDT 2018 Thread[DRDAConnThread_2,5,main] (DATABASE = Players), (DRDAID = {5}), Database 'Players' shutdown.
----------------------------------------------------------------
Sat Oct 06 13:54:49 NZDT 2018:
Booting Derby version The Apache Software Foundation - Apache Derby - 10.11.1.2 - (1629631): instance ac3880cc-0166-46da-d2a6-000058f660cf 
on database directory C:\Users\Chadly\Desktop\Uni\DebateMates 2\Server App\DB\Players with class loader sun.misc.Launcher$AppClassLoader@1d44bcfa 
Loaded from file:/C:/Program%20Files/Java/jdk1.8.0_171/db/lib/derby.jar
java.vendor=Oracle Corporation
java.runtime.version=1.8.0_171-b11
user.dir=C:\Program Files\Java\jdk1.8.0_171\db
os.name=Windows 10
os.arch=amd64
os.version=10.0
derby.system.home=C:\Users\Chadly\Desktop\Uni\DebateMates 2\Server App\DB
Database Class Loader started - derby.database.classpath=''
----------------------------------------------------------------
Sat Oct 06 14:00:47 NZDT 2018: Shutting down Derby engine
----------------------------------------------------------------
Sat Oct 06 14:00:47 NZDT 2018:
Shutting down instance ac3880cc-0166-46da-d2a6-000058f660cf on database directory C:\Users\Chadly\Desktop\Uni\DebateMates 2\Server App\DB\Players with class loader sun.misc.Launcher$AppClassLoader@1d44bcfa 
----------------------------------------------------------------
